<?xml version="1.0" encoding="UTF-8"?>
<testsuite xmlns:xsi="http://www.w3.org/2001/XMLSchema-instance" xsi:noNamespaceSchemaLocation="https://maven.apache.org/surefire/maven-surefire-plugin/xsd/surefire-test-report-3.0.xsd" version="3.0" name="TestClasses.TestChatApp" time="0.146" tests="10" errors="10" skipped="0" failures="0">
  <properties>
[...]
</properties>
  <testcase name="testReturnLoginStatus_Success" classname="TestClasses.TestChatApp" time="0.048">
    <error message="Not supported yet." type="java.lang.UnsupportedOperationException"><![CDATA[java.lang.UnsupportedOperationException: Not supported yet.
	at TestClasses.Login.<init>(Login.java:14)
	at TestClasses.TestChatApp.createValidUser(TestChatApp.java:22)
	at TestClasses.TestChatApp.testReturnLoginStatus_Success(TestChatApp.java:117)
	at java.base/java.lang.reflect.Method.invoke(Method.java:565)
	at java.base/java.util.ArrayList.forEach(ArrayList.java:1604)
	at java.base/java.util.ArrayList.forEach(ArrayList.java:1604)
]]></error>
  </testcase>
  <testcase name="testCellPhoneIncorrectlyFormatted_ReturnsErrorMessage" classname="TestClasses.TestChatApp" time="0.005">
    <error message="Not supported yet." type="java.lang.UnsupportedOperationException"><![CDATA[java.lang.UnsupportedOperationException: Not supported yet.
	at TestClasses.Login.<init>(Login.java:14)
	at TestClasses.TestChatApp.testCellPhoneIncorrectlyFormatted_ReturnsErrorMessage(TestChatApp.java:90)
	at java.base/java.lang.reflect.Method.invoke(Method.java:565)
	at java.base/java.util.ArrayList.forEach(ArrayList.java:1604)
	at java.base/java.util.ArrayList.forEach(ArrayList.java:1604)
]]></error>
  </testcase>
  <testcase name="testUsernameIncorrectlyFormatted_ReturnsErrorMessage" classname="TestClasses.TestChatApp" time="0.005">
    <error message="Not supported yet." type="java.lang.UnsupportedOperationException"><![CDATA[java.lang.UnsupportedOperationException: Not supported yet.
	at TestClasses.Login.<init>(Login.java:14)
	at TestClasses.TestChatApp.testUsernameIncorrectlyFormatted_ReturnsErrorMessage(TestChatApp.java:42)
	at java.base/java.lang.reflect.Method.invoke(Method.java:565)
	at java.base/java.util.ArrayList.forEach(ArrayList.java:1604)
	at java.base/java.util.ArrayList.forEach(ArrayList.java:1604)
]]></error>
  </testcase>
  <testcase name="testLoginFailed" classname="TestClasses.TestChatApp" time="0.003">
    <error message="Not supported yet." type="java.lang.UnsupportedOperationException"><![CDATA[java.lang.UnsupportedOperationException: Not supported yet.
	at TestClasses.Login.<init>(Login.java:14)
	at TestClasses.TestChatApp.createValidUser(TestChatApp.java:22)
	at TestClasses.TestChatApp.testLoginFailed(TestChatApp.java:110)
	at java.base/java.lang.reflect.Method.invoke(Method.java:565)
	at java.base/java.util.ArrayList.forEach(ArrayList.java:1604)
	at java.base/java.util.ArrayList.forEach(ArrayList.java:1604)
]]></error>
  </testcase>
  <testcase name="testReturnLoginStatus_Failed" classname="TestClasses.TestChatApp" time="0.003">
    <error message="Not supported yet." type="java.lang.UnsupportedOperationException"><![CDATA[java.lang.UnsupportedOperationException: Not supported yet.
	at TestClasses.Login.<init>(Login.java:14)
	at TestClasses.TestChatApp.createValidUser(TestChatApp.java:22)
	at TestClasses.TestChatApp.testReturnLoginStatus_Failed(TestChatApp.java:126)
	at java.base/java.lang.reflect.Method.invoke(Method.java:565)
	at java.base/java.util.ArrayList.forEach(ArrayList.java:1604)
	at java.base/java.util.ArrayList.forEach(ArrayList.java:1604)
]]></error>
  </testcase>
  <testcase name="testPasswordDoesNotMeetComplexity_ReturnsErrorMessage" classname="TestClasses.TestChatApp" time="0.007">
    <error message="Not supported yet." type="java.lang.UnsupportedOperationException"><![CDATA[java.lang.UnsupportedOperationException: Not supported yet.
	at TestClasses.Login.<init>(Login.java:14)
	at TestClasses.TestChatApp.testPasswordDoesNotMeetComplexity_ReturnsErrorMessage(TestChatApp.java:66)
	at java.base/java.lang.reflect.Method.invoke(Method.java:565)
	at java.base/java.util.ArrayList.forEach(ArrayList.java:1604)
	at java.base/java.util.ArrayList.forEach(ArrayList.java:1604)
]]></error>
  </testcase>
  <testcase name="testLoginSuccessful" classname="TestClasses.TestChatApp" time="0.002">
    <error message="Not supported yet." type="java.lang.UnsupportedOperationException"><![CDATA[java.lang.UnsupportedOperationException: Not supported yet.
	at TestClasses.Login.<init>(Login.java:14)
	at TestClasses.TestChatApp.createValidUser(TestChatApp.java:22)
	at TestClasses.TestChatApp.testLoginSuccessful(TestChatApp.java:103)
	at java.base/java.lang.reflect.Method.invoke(Method.java:565)
	at java.base/java.util.ArrayList.forEach(ArrayList.java:1604)
	at java.base/java.util.ArrayList.forEach(ArrayList.java:1604)
]]></error>
  </testcase>
  <testcase name="testCellPhoneCorrectlyFormatted_ReturnsSuccessMessage" classname="TestClasses.TestChatApp" time="0.004">
    <error message="Not supported yet." type="java.lang.UnsupportedOperationException"><![CDATA[java.lang.UnsupportedOperationException: Not supported yet.
	at TestClasses.Login.<init>(Login.java:14)
	at TestClasses.TestChatApp.createValidUser(TestChatApp.java:22)
	at TestClasses.TestChatApp.testCellPhoneCorrectlyFormatted_ReturnsSuccessMessage(TestChatApp.java:80)
	at java.base/java.lang.reflect.Method.invoke(Method.java:565)
	at java.base/java.util.ArrayList.forEach(ArrayList.java:1604)
	at java.base/java.util.ArrayList.forEach(ArrayList.java:1604)
]]></error>
  </testcase>
  <testcase name="testUsernameCorrectlyFormatted_ReturnsSuccessMessage" classname="TestClasses.TestChatApp" time="0.002">
    <error message="Not supported yet." type="java.lang.UnsupportedOperationException"><![CDATA[java.lang.UnsupportedOperationException: Not supported yet.
	at TestClasses.Login.<init>(Login.java:14)
	at TestClasses.TestChatApp.createValidUser(TestChatApp.java:22)
	at TestClasses.TestChatApp.testUsernameCorrectlyFormatted_ReturnsSuccessMessage(TestChatApp.java:31)
	at java.base/java.lang.reflect.Method.invoke(Method.java:565)
	at java.base/java.util.ArrayList.forEach(ArrayList.java:1604)
	at java.base/java.util.ArrayList.forEach(ArrayList.java:1604)
]]></error>
  </testcase>
  <testcase name="testPasswordMeetsComplexity_ReturnsSuccessMessage" classname="TestClasses.TestChatApp" time="0.002">
    <error message="Not supported yet." type="java.lang.UnsupportedOperationException"><![CDATA[java.lang.UnsupportedOperationException: Not supported yet.
	at TestClasses.Login.<init>(Login.java:14)
	at TestClasses.TestChatApp.createValidUser(TestChatApp.java:22)
	at TestClasses.TestChatApp.testPasswordMeetsComplexity_ReturnsSuccessMessage(TestChatApp.java:56)
	at java.base/java.lang.reflect.Method.invoke(Method.java:565)
	at java.base/java.util.ArrayList.forEach(ArrayList.java:1604)
	at java.base/java.util.ArrayList.forEach(ArrayList.java:1604)
]]></error>
  </testcase>
</testsuite>